{
  "RSpec": {
    "coverage": {
      "/Users/chadcrissman/Sites/g5/g5-layout-garden/config/environment.rb": [
        null,
        1,
        null,
        null,
        1
      ],
      "/Users/chadcrissman/Sites/g5/g5-layout-garden/config/application.rb": [
        1,
        null,
        null,
        null,
        1,
        1,
        null,
        1,
        1,
        null,
        1,
        null,
        null,
        null,
        1,
        null,
        null,
        1,
        1,
        1,
        null,
        null,
        null,
        null,
        null,
        null,
        null,
        null,
        null,
        null,
        null,
        null,
        null,
        null,
        null,
        null,
        null,
        null,
        null,
        null,
        null,
        null,
        1,
        null,
        null,
        1,
        null,
        null,
        1,
        null,
        null,
        null,
        null,
        null,
        null,
        null,
        null,
        null,
        null,
        null,
        null,
        null,
        1,
        null,
        null,
        1,
        null,
        null,
        1,
        null,
        null
      ],
      "/Users/chadcrissman/Sites/g5/g5-layout-garden/config/boot.rb": [
        1,
        null,
        null,
        1,
        null,
        1
      ],
      "/Users/chadcrissman/Sites/g5/g5-layout-garden/config/environments/test.rb": [
        1,
        null,
        null,
        null,
        null,
        null,
        null,
        1,
        null,
        null,
        1,
        1,
        null,
        null,
        1,
        null,
        null,
        1,
        1,
        null,
        null,
        1,
        null,
        null,
        1,
        null,
        null,
        null,
        null,
        1,
        null,
        null,
        null,
        null,
        null,
        1,
        null
      ],
      "/Users/chadcrissman/Sites/g5/g5-layout-garden/config/initializers/backtrace_silencers.rb": [
        null,
        null,
        null,
        null,
        null,
        null,
        null
      ],
      "/Users/chadcrissman/Sites/g5/g5-layout-garden/config/initializers/honeybadger.rb": [
        null,
        0,
        1
      ],
      "/Users/chadcrissman/Sites/g5/g5-layout-garden/config/initializers/inflections.rb": [
        null,
        null,
        null,
        null,
        null,
        null,
        null,
        null,
        null,
        null,
        null,
        null,
        null,
        null,
        null
      ],
      "/Users/chadcrissman/Sites/g5/g5-layout-garden/config/initializers/mime_types.rb": [
        null,
        null,
        null,
        null,
        null
      ],
      "/Users/chadcrissman/Sites/g5/g5-layout-garden/config/initializers/secret_token.rb": [
        null,
        null,
        null,
        null,
        null,
        null,
        1
      ],
      "/Users/chadcrissman/Sites/g5/g5-layout-garden/config/initializers/session_store.rb": [
        null,
        null,
        1,
        null,
        null,
        null,
        null,
        null
      ],
      "/Users/chadcrissman/Sites/g5/g5-layout-garden/config/initializers/wrap_parameters.rb": [
        null,
        null,
        null,
        null,
        null,
        null,
        1,
        1,
        null,
        null,
        null,
        1,
        0,
        null
      ],
      "/Users/chadcrissman/Sites/g5/g5-layout-garden/app/controllers/application_controller.rb": [
        1,
        1,
        null
      ],
      "/Users/chadcrissman/Sites/g5/g5-layout-garden/app/helpers/application_helper.rb": [
        1,
        1,
        0,
        null,
        null,
        null
      ],
      "/Users/chadcrissman/Sites/g5/g5-layout-garden/app/controllers/components_controller.rb": [
        1,
        1,
        8,
        8,
        24,
        null,
        null,
        null,
        null,
        1,
        0,
        0,
        0,
        null,
        null,
        null
      ],
      "/Users/chadcrissman/Sites/g5/g5-layout-garden/app/decorators/component_decorator.rb": [
        1,
        1,
        28,
        28,
        null,
        null,
        1,
        67,
        67,
        67,
        67,
        67,
        null,
        null,
        1,
        109,
        null,
        null
      ],
      "/Users/chadcrissman/Sites/g5/g5-layout-garden/config/routes.rb": [
        1,
        1,
        1,
        1,
        null
      ],
      "/Users/chadcrissman/Sites/g5/g5-layout-garden/spec/integration/components_path_spec.rb": [
        1,
        null,
        1,
        1,
        8,
        null,
        null,
        1,
        1,
        null,
        null,
        1,
        1,
        null,
        null,
        1,
        1,
        1,
        3,
        null,
        null,
        null,
        1,
        1,
        3,
        null,
        null,
        null,
        1,
        1,
        3,
        null,
        null,
        null,
        1,
        1,
        3,
        null,
        null,
        null,
        1,
        1,
        3,
        null,
        null,
        null,
        null,
        1,
        1,
        1,
        null,
        null,
        null
      ],
      "/Users/chadcrissman/Sites/g5/g5-layout-garden/spec/lib/g5_component_garden_spec.rb": [
        1,
        1,
        null,
        1,
        1,
        15,
        null,
        null,
        1,
        3,
        null,
        1,
        1,
        null,
        1,
        1,
        null,
        null,
        null,
        1,
        14,
        null,
        1,
        1,
        null,
        null,
        1,
        1,
        1,
        null,
        null,
        1,
        1,
        null,
        null,
        null,
        1,
        1,
        1,
        null,
        null,
        1,
        1,
        null,
        null,
        null,
        1,
        1,
        1,
        null,
        null,
        1,
        1,
        null,
        null,
        null,
        1,
        1,
        1,
        null,
        null,
        1,
        1,
        null,
        null,
        null,
        1,
        1,
        1,
        null,
        null,
        1,
        1,
        null,
        null,
        null,
        1,
        1,
        1,
        null,
        null,
        1,
        1,
        null,
        null,
        null,
        null
      ],
      "/Users/chadcrissman/Sites/g5/g5-layout-garden/lib/g5_component_garden.rb": [
        1,
        1,
        null,
        1,
        1,
        null,
        null,
        null,
        8,
        null,
        null,
        1,
        null,
        10,
        null,
        10,
        26,
        null,
        null,
        null,
        1,
        null,
        13,
        null,
        13,
        null,
        null,
        1,
        null,
        39,
        39,
        null,
        null,
        39,
        39,
        null,
        39,
        39,
        null,
        39,
        null,
        null,
        1,
        148,
        39,
        70,
        70,
        70,
        null,
        null,
        39,
        null,
        null,
        1,
        148,
        null,
        null,
        1,
        62,
        null,
        null,
        1,
        140,
        null,
        null,
        1,
        39,
        null,
        null,
        null
      ]
    },
    "timestamp": 1395701012
  }
}
